<?xml version="1.0" encoding="UTF-8"?>
<testsuite xmlns:xsi="http://www.w3.org/2001/XMLSchema-instance" xsi:noNamespaceSchemaLocation="https://maven.apache.org/surefire/maven-surefire-plugin/xsd/surefire-test-report.xsd" name="com.speed_liv.menu.services.MenuServiceTest" time="0.002" tests="2" errors="0" skipped="0" failures="0">
  <properties>
    <property name="java.specification.version" value="20"/>
    <property name="sun.cpu.isalist" value="amd64"/>
    <property name="sun.jnu.encoding" value="Cp1252"/>
    <property name="java.class.path" value="C:\Users\asus\Desktop\SOA\Projet_ws\target\test-classes;C:\Users\asus\Desktop\SOA\Projet_ws\target\classes;E:\Apache\Depot_local\org\springframework\boot\spring-boot-starter-web\2.7.15\spring-boot-starter-web-2.7.15.jar;E:\Apache\Depot_local\org\springframework\boot\spring-boot-starter\2.7.15\spring-boot-starter-2.7.15.jar;E:\Apache\Depot_local\org\springframework\boot\spring-boot\2.7.15\spring-boot-2.7.15.jar;E:\Apache\Depot_local\org\springframework\boot\spring-boot-autoconfigure\2.7.15\spring-boot-autoconfigure-2.7.15.jar;E:\Apache\Depot_local\org\springframework\boot\spring-boot-starter-logging\2.7.15\spring-boot-starter-logging-2.7.15.jar;E:\Apache\Depot_local\ch\qos\logback\logback-classic\1.2.12\logback-classic-1.2.12.jar;E:\Apache\Depot_local\ch\qos\logback\logback-core\1.2.12\logback-core-1.2.12.jar;E:\Apache\Depot_local\org\apache\logging\log4j\log4j-to-slf4j\2.17.2\log4j-to-slf4j-2.17.2.jar;E:\Apache\Depot_local\org\apache\logging\log4j\log4j-api\2.17.2\log4j-api-2.17.2.jar;E:\Apache\Depot_local\org\slf4j\jul-to-slf4j\1.7.36\jul-to-slf4j-1.7.36.jar;E:\Apache\Depot_local\jakarta\annotation\jakarta.annotation-api\1.3.5\jakarta.annotation-api-1.3.5.jar;E:\Apache\Depot_local\org\springframework\boot\spring-boot-starter-json\2.7.15\spring-boot-starter-json-2.7.15.jar;E:\Apache\Depot_local\com\fasterxml\jackson\datatype\jackson-datatype-jdk8\2.13.5\jackson-datatype-jdk8-2.13.5.jar;E:\Apache\Depot_local\com\fasterxml\jackson\module\jackson-module-parameter-names\2.13.5\jackson-module-parameter-names-2.13.5.jar;E:\Apache\Depot_local\org\springframework\boot\spring-boot-starter-tomcat\2.7.15\spring-boot-starter-tomcat-2.7.15.jar;E:\Apache\Depot_local\org\apache\tomcat\embed\tomcat-embed-core\9.0.79\tomcat-embed-core-9.0.79.jar;E:\Apache\Depot_local\org\apache\tomcat\embed\tomcat-embed-websocket\9.0.79\tomcat-embed-websocket-9.0.79.jar;E:\Apache\Depot_local\org\springframework\spring-web\5.3.29\spring-web-5.3.29.jar;E:\Apache\Depot_local\org\springframework\spring-webmvc\5.3.29\spring-webmvc-5.3.29.jar;E:\Apache\Depot_local\org\springframework\spring-aop\5.3.29\spring-aop-5.3.29.jar;E:\Apache\Depot_local\org\springframework\spring-context\5.3.29\spring-context-5.3.29.jar;E:\Apache\Depot_local\org\springframework\spring-expression\5.3.29\spring-expression-5.3.29.jar;E:\Apache\Depot_local\org\springframework\data\spring-data-commons\2.7.15\spring-data-commons-2.7.15.jar;E:\Apache\Depot_local\org\springframework\spring-core\5.3.29\spring-core-5.3.29.jar;E:\Apache\Depot_local\org\springframework\spring-jcl\5.3.29\spring-jcl-5.3.29.jar;E:\Apache\Depot_local\org\springframework\spring-beans\5.3.29\spring-beans-5.3.29.jar;E:\Apache\Depot_local\org\slf4j\slf4j-api\1.7.36\slf4j-api-1.7.36.jar;E:\Apache\Depot_local\org\springdoc\springdoc-openapi-ui\1.6.14\springdoc-openapi-ui-1.6.14.jar;E:\Apache\Depot_local\org\springdoc\springdoc-openapi-webmvc-core\1.6.14\springdoc-openapi-webmvc-core-1.6.14.jar;E:\Apache\Depot_local\org\springdoc\springdoc-openapi-common\1.6.14\springdoc-openapi-common-1.6.14.jar;E:\Apache\Depot_local\io\swagger\core\v3\swagger-core\2.2.7\swagger-core-2.2.7.jar;E:\Apache\Depot_local\org\apache\commons\commons-lang3\3.12.0\commons-lang3-3.12.0.jar;E:\Apache\Depot_local\io\swagger\core\v3\swagger-annotations\2.2.7\swagger-annotations-2.2.7.jar;E:\Apache\Depot_local\io\swagger\core\v3\swagger-models\2.2.7\swagger-models-2.2.7.jar;E:\Apache\Depot_local\org\webjars\swagger-ui\4.15.5\swagger-ui-4.15.5.jar;E:\Apache\Depot_local\org\webjars\webjars-locator-core\0.50\webjars-locator-core-0.50.jar;E:\Apache\Depot_local\io\github\classgraph\classgraph\4.8.149\classgraph-4.8.149.jar;E:\Apache\Depot_local\com\google\code\findbugs\jsr305\3.0.2\jsr305-3.0.2.jar;E:\Apache\Depot_local\com\fasterxml\jackson\dataformat\jackson-dataformat-yaml\2.13.5\jackson-dataformat-yaml-2.13.5.jar;E:\Apache\Depot_local\org\yaml\snakeyaml\1.30\snakeyaml-1.30.jar;E:\Apache\Depot_local\com\fasterxml\jackson\core\jackson-core\2.13.5\jackson-core-2.13.5.jar;E:\Apache\Depot_local\com\fasterxml\jackson\datatype\jackson-datatype-jsr310\2.13.5\jackson-datatype-jsr310-2.13.5.jar;E:\Apache\Depot_local\com\fasterxml\jackson\core\jackson-annotations\2.13.5\jackson-annotations-2.13.5.jar;E:\Apache\Depot_local\org\openapitools\jackson-databind-nullable\0.2.6\jackson-databind-nullable-0.2.6.jar;E:\Apache\Depot_local\org\springframework\boot\spring-boot-starter-validation\2.7.15\spring-boot-starter-validation-2.7.15.jar;E:\Apache\Depot_local\org\apache\tomcat\embed\tomcat-embed-el\9.0.79\tomcat-embed-el-9.0.79.jar;E:\Apache\Depot_local\org\hibernate\validator\hibernate-validator\6.2.5.Final\hibernate-validator-6.2.5.Final.jar;E:\Apache\Depot_local\jakarta\validation\jakarta.validation-api\2.0.2\jakarta.validation-api-2.0.2.jar;E:\Apache\Depot_local\org\jboss\logging\jboss-logging\3.4.3.Final\jboss-logging-3.4.3.Final.jar;E:\Apache\Depot_local\com\fasterxml\classmate\1.5.1\classmate-1.5.1.jar;E:\Apache\Depot_local\com\fasterxml\jackson\core\jackson-databind\2.13.5\jackson-databind-2.13.5.jar;E:\Apache\Depot_local\org\springframework\boot\spring-boot-starter-test\2.7.15\spring-boot-starter-test-2.7.15.jar;E:\Apache\Depot_local\org\springframework\boot\spring-boot-test\2.7.15\spring-boot-test-2.7.15.jar;E:\Apache\Depot_local\org\springframework\boot\spring-boot-test-autoconfigure\2.7.15\spring-boot-test-autoconfigure-2.7.15.jar;E:\Apache\Depot_local\com\jayway\jsonpath\json-path\2.7.0\json-path-2.7.0.jar;E:\Apache\Depot_local\net\minidev\json-smart\2.4.11\json-smart-2.4.11.jar;E:\Apache\Depot_local\net\minidev\accessors-smart\2.4.11\accessors-smart-2.4.11.jar;E:\Apache\Depot_local\org\ow2\asm\asm\9.3\asm-9.3.jar;E:\Apache\Depot_local\jakarta\xml\bind\jakarta.xml.bind-api\2.3.3\jakarta.xml.bind-api-2.3.3.jar;E:\Apache\Depot_local\jakarta\activation\jakarta.activation-api\1.2.2\jakarta.activation-api-1.2.2.jar;E:\Apache\Depot_local\org\assertj\assertj-core\3.22.0\assertj-core-3.22.0.jar;E:\Apache\Depot_local\org\hamcrest\hamcrest\2.2\hamcrest-2.2.jar;E:\Apache\Depot_local\org\junit\jupiter\junit-jupiter\5.8.2\junit-jupiter-5.8.2.jar;E:\Apache\Depot_local\org\junit\jupiter\junit-jupiter-api\5.8.2\junit-jupiter-api-5.8.2.jar;E:\Apache\Depot_local\org\opentest4j\opentest4j\1.2.0\opentest4j-1.2.0.jar;E:\Apache\Depot_local\org\junit\platform\junit-platform-commons\1.8.2\junit-platform-commons-1.8.2.jar;E:\Apache\Depot_local\org\apiguardian\apiguardian-api\1.1.2\apiguardian-api-1.1.2.jar;E:\Apache\Depot_local\org\junit\jupiter\junit-jupiter-params\5.8.2\junit-jupiter-params-5.8.2.jar;E:\Apache\Depot_local\org\junit\jupiter\junit-jupiter-engine\5.8.2\junit-jupiter-engine-5.8.2.jar;E:\Apache\Depot_local\org\junit\platform\junit-platform-engine\1.8.2\junit-platform-engine-1.8.2.jar;E:\Apache\Depot_local\org\mockito\mockito-core\4.5.1\mockito-core-4.5.1.jar;E:\Apache\Depot_local\net\bytebuddy\byte-buddy\1.12.23\byte-buddy-1.12.23.jar;E:\Apache\Depot_local\net\bytebuddy\byte-buddy-agent\1.12.23\byte-buddy-agent-1.12.23.jar;E:\Apache\Depot_local\org\objenesis\objenesis\3.2\objenesis-3.2.jar;E:\Apache\Depot_local\org\mockito\mockito-junit-jupiter\4.5.1\mockito-junit-jupiter-4.5.1.jar;E:\Apache\Depot_local\org\skyscreamer\jsonassert\1.5.1\jsonassert-1.5.1.jar;E:\Apache\Depot_local\com\vaadin\external\google\android-json\0.0.20131108.vaadin1\android-json-0.0.20131108.vaadin1.jar;E:\Apache\Depot_local\org\springframework\spring-test\5.3.29\spring-test-5.3.29.jar;E:\Apache\Depot_local\org\xmlunit\xmlunit-core\2.9.1\xmlunit-core-2.9.1.jar;"/>
    <property name="java.vm.vendor" value="Oracle Corporation"/>
    <property name="sun.arch.data.model" value="64"/>
    <property name="user.variant" value=""/>
    <property name="java.vendor.url" value="https://java.oracle.com/"/>
    <property name="user.timezone" value="Africa/Casablanca"/>
    <property name="os.name" value="Windows 11"/>
    <property name="java.vm.specification.version" value="20"/>
    <property name="sun.java.launcher" value="SUN_STANDARD"/>
    <property name="user.country" value="FR"/>
    <property name="sun.boot.library.path" value="C:\Program Files (x86)\java20\bin"/>
    <property name="sun.java.command" value="C:\Users\asus\AppData\Local\Temp\surefire2931903352556129891\surefirebooter6872852133823270896.jar C:\Users\asus\AppData\Local\Temp\surefire2931903352556129891 2025-10-21T09-55-12_357-jvmRun1 surefire2029593823628050056tmp surefire_07442272051136603809tmp"/>
    <property name="jdk.debug" value="release"/>
    <property name="surefire.test.class.path" value="C:\Users\asus\Desktop\SOA\Projet_ws\target\test-classes;C:\Users\asus\Desktop\SOA\Projet_ws\target\classes;E:\Apache\Depot_local\org\springframework\boot\spring-boot-starter-web\2.7.15\spring-boot-starter-web-2.7.15.jar;E:\Apache\Depot_local\org\springframework\boot\spring-boot-starter\2.7.15\spring-boot-starter-2.7.15.jar;E:\Apache\Depot_local\org\springframework\boot\spring-boot\2.7.15\spring-boot-2.7.15.jar;E:\Apache\Depot_local\org\springframework\boot\spring-boot-autoconfigure\2.7.15\spring-boot-autoconfigure-2.7.15.jar;E:\Apache\Depot_local\org\springframework\boot\spring-boot-starter-logging\2.7.15\spring-boot-starter-logging-2.7.15.jar;E:\Apache\Depot_local\ch\qos\logback\logback-classic\1.2.12\logback-classic-1.2.12.jar;E:\Apache\Depot_local\ch\qos\logback\logback-core\1.2.12\logback-core-1.2.12.jar;E:\Apache\Depot_local\org\apache\logging\log4j\log4j-to-slf4j\2.17.2\log4j-to-slf4j-2.17.2.jar;E:\Apache\Depot_local\org\apache\logging\log4j\log4j-api\2.17.2\log4j-api-2.17.2.jar;E:\Apache\Depot_local\org\slf4j\jul-to-slf4j\1.7.36\jul-to-slf4j-1.7.36.jar;E:\Apache\Depot_local\jakarta\annotation\jakarta.annotation-api\1.3.5\jakarta.annotation-api-1.3.5.jar;E:\Apache\Depot_local\org\springframework\boot\spring-boot-starter-json\2.7.15\spring-boot-starter-json-2.7.15.jar;E:\Apache\Depot_local\com\fasterxml\jackson\datatype\jackson-datatype-jdk8\2.13.5\jackson-datatype-jdk8-2.13.5.jar;E:\Apache\Depot_local\com\fasterxml\jackson\module\jackson-module-parameter-names\2.13.5\jackson-module-parameter-names-2.13.5.jar;E:\Apache\Depot_local\org\springframework\boot\spring-boot-starter-tomcat\2.7.15\spring-boot-starter-tomcat-2.7.15.jar;E:\Apache\Depot_local\org\apache\tomcat\embed\tomcat-embed-core\9.0.79\tomcat-embed-core-9.0.79.jar;E:\Apache\Depot_local\org\apache\tomcat\embed\tomcat-embed-websocket\9.0.79\tomcat-embed-websocket-9.0.79.jar;E:\Apache\Depot_local\org\springframework\spring-web\5.3.29\spring-web-5.3.29.jar;E:\Apache\Depot_local\org\springframework\spring-webmvc\5.3.29\spring-webmvc-5.3.29.jar;E:\Apache\Depot_local\org\springframework\spring-aop\5.3.29\spring-aop-5.3.29.jar;E:\Apache\Depot_local\org\springframework\spring-context\5.3.29\spring-context-5.3.29.jar;E:\Apache\Depot_local\org\springframework\spring-expression\5.3.29\spring-expression-5.3.29.jar;E:\Apache\Depot_local\org\springframework\data\spring-data-commons\2.7.15\spring-data-commons-2.7.15.jar;E:\Apache\Depot_local\org\springframework\spring-core\5.3.29\spring-core-5.3.29.jar;E:\Apache\Depot_local\org\springframework\spring-jcl\5.3.29\spring-jcl-5.3.29.jar;E:\Apache\Depot_local\org\springframework\spring-beans\5.3.29\spring-beans-5.3.29.jar;E:\Apache\Depot_local\org\slf4j\slf4j-api\1.7.36\slf4j-api-1.7.36.jar;E:\Apache\Depot_local\org\springdoc\springdoc-openapi-ui\1.6.14\springdoc-openapi-ui-1.6.14.jar;E:\Apache\Depot_local\org\springdoc\springdoc-openapi-webmvc-core\1.6.14\springdoc-openapi-webmvc-core-1.6.14.jar;E:\Apache\Depot_local\org\springdoc\springdoc-openapi-common\1.6.14\springdoc-openapi-common-1.6.14.jar;E:\Apache\Depot_local\io\swagger\core\v3\swagger-core\2.2.7\swagger-core-2.2.7.jar;E:\Apache\Depot_local\org\apache\commons\commons-lang3\3.12.0\commons-lang3-3.12.0.jar;E:\Apache\Depot_local\io\swagger\core\v3\swagger-annotations\2.2.7\swagger-annotations-2.2.7.jar;E:\Apache\Depot_local\io\swagger\core\v3\swagger-models\2.2.7\swagger-models-2.2.7.jar;E:\Apache\Depot_local\org\webjars\swagger-ui\4.15.5\swagger-ui-4.15.5.jar;E:\Apache\Depot_local\org\webjars\webjars-locator-core\0.50\webjars-locator-core-0.50.jar;E:\Apache\Depot_local\io\github\classgraph\classgraph\4.8.149\classgraph-4.8.149.jar;E:\Apache\Depot_local\com\google\code\findbugs\jsr305\3.0.2\jsr305-3.0.2.jar;E:\Apache\Depot_local\com\fasterxml\jackson\dataformat\jackson-dataformat-yaml\2.13.5\jackson-dataformat-yaml-2.13.5.jar;E:\Apache\Depot_local\org\yaml\snakeyaml\1.30\snakeyaml-1.30.jar;E:\Apache\Depot_local\com\fasterxml\jackson\core\jackson-core\2.13.5\jackson-core-2.13.5.jar;E:\Apache\Depot_local\com\fasterxml\jackson\datatype\jackson-datatype-jsr310\2.13.5\jackson-datatype-jsr310-2.13.5.jar;E:\Apache\Depot_local\com\fasterxml\jackson\core\jackson-annotations\2.13.5\jackson-annotations-2.13.5.jar;E:\Apache\Depot_local\org\openapitools\jackson-databind-nullable\0.2.6\jackson-databind-nullable-0.2.6.jar;E:\Apache\Depot_local\org\springframework\boot\spring-boot-starter-validation\2.7.15\spring-boot-starter-validation-2.7.15.jar;E:\Apache\Depot_local\org\apache\tomcat\embed\tomcat-embed-el\9.0.79\tomcat-embed-el-9.0.79.jar;E:\Apache\Depot_local\org\hibernate\validator\hibernate-validator\6.2.5.Final\hibernate-validator-6.2.5.Final.jar;E:\Apache\Depot_local\jakarta\validation\jakarta.validation-api\2.0.2\jakarta.validation-api-2.0.2.jar;E:\Apache\Depot_local\org\jboss\logging\jboss-logging\3.4.3.Final\jboss-logging-3.4.3.Final.jar;E:\Apache\Depot_local\com\fasterxml\classmate\1.5.1\classmate-1.5.1.jar;E:\Apache\Depot_local\com\fasterxml\jackson\core\jackson-databind\2.13.5\jackson-databind-2.13.5.jar;E:\Apache\Depot_local\org\springframework\boot\spring-boot-starter-test\2.7.15\spring-boot-starter-test-2.7.15.jar;E:\Apache\Depot_local\org\springframework\boot\spring-boot-test\2.7.15\spring-boot-test-2.7.15.jar;E:\Apache\Depot_local\org\springframework\boot\spring-boot-test-autoconfigure\2.7.15\spring-boot-test-autoconfigure-2.7.15.jar;E:\Apache\Depot_local\com\jayway\jsonpath\json-path\2.7.0\json-path-2.7.0.jar;E:\Apache\Depot_local\net\minidev\json-smart\2.4.11\json-smart-2.4.11.jar;E:\Apache\Depot_local\net\minidev\accessors-smart\2.4.11\accessors-smart-2.4.11.jar;E:\Apache\Depot_local\org\ow2\asm\asm\9.3\asm-9.3.jar;E:\Apache\Depot_local\jakarta\xml\bind\jakarta.xml.bind-api\2.3.3\jakarta.xml.bind-api-2.3.3.jar;E:\Apache\Depot_local\jakarta\activation\jakarta.activation-api\1.2.2\jakarta.activation-api-1.2.2.jar;E:\Apache\Depot_local\org\assertj\assertj-core\3.22.0\assertj-core-3.22.0.jar;E:\Apache\Depot_local\org\hamcrest\hamcrest\2.2\hamcrest-2.2.jar;E:\Apache\Depot_local\org\junit\jupiter\junit-jupiter\5.8.2\junit-jupiter-5.8.2.jar;E:\Apache\Depot_local\org\junit\jupiter\junit-jupiter-api\5.8.2\junit-jupiter-api-5.8.2.jar;E:\Apache\Depot_local\org\opentest4j\opentest4j\1.2.0\opentest4j-1.2.0.jar;E:\Apache\Depot_local\org\junit\platform\junit-platform-commons\1.8.2\junit-platform-commons-1.8.2.jar;E:\Apache\Depot_local\org\apiguardian\apiguardian-api\1.1.2\apiguardian-api-1.1.2.jar;E:\Apache\Depot_local\org\junit\jupiter\junit-jupiter-params\5.8.2\junit-jupiter-params-5.8.2.jar;E:\Apache\Depot_local\org\junit\jupiter\junit-jupiter-engine\5.8.2\junit-jupiter-engine-5.8.2.jar;E:\Apache\Depot_local\org\junit\platform\junit-platform-engine\1.8.2\junit-platform-engine-1.8.2.jar;E:\Apache\Depot_local\org\mockito\mockito-core\4.5.1\mockito-core-4.5.1.jar;E:\Apache\Depot_local\net\bytebuddy\byte-buddy\1.12.23\byte-buddy-1.12.23.jar;E:\Apache\Depot_local\net\bytebuddy\byte-buddy-agent\1.12.23\byte-buddy-agent-1.12.23.jar;E:\Apache\Depot_local\org\objenesis\objenesis\3.2\objenesis-3.2.jar;E:\Apache\Depot_local\org\mockito\mockito-junit-jupiter\4.5.1\mockito-junit-jupiter-4.5.1.jar;E:\Apache\Depot_local\org\skyscreamer\jsonassert\1.5.1\jsonassert-1.5.1.jar;E:\Apache\Depot_local\com\vaadin\external\google\android-json\0.0.20131108.vaadin1\android-json-0.0.20131108.vaadin1.jar;E:\Apache\Depot_local\org\springframework\spring-test\5.3.29\spring-test-5.3.29.jar;E:\Apache\Depot_local\org\xmlunit\xmlunit-core\2.9.1\xmlunit-core-2.9.1.jar;"/>
    <property name="sun.cpu.endian" value="little"/>
    <property name="user.home" value="C:\Users\asus"/>
    <property name="user.language" value="fr"/>
    <property name="java.specification.vendor" value="Oracle Corporation"/>
    <property name="java.version.date" value="2023-07-18"/>
    <property name="java.home" value="C:\Program Files (x86)\java20"/>
    <property name="file.separator" value="\"/>
    <property name="basedir" value="C:\Users\asus\Desktop\SOA\Projet_ws"/>
    <property name="java.vm.compressedOopsMode" value="Zero based"/>
    <property name="line.separator" value="&#10;"/>
    <property name="java.vm.specification.vendor" value="Oracle Corporation"/>
    <property name="java.specification.name" value="Java Platform API Specification"/>
    <property name="surefire.real.class.path" value="C:\Users\asus\AppData\Local\Temp\surefire2931903352556129891\surefirebooter6872852133823270896.jar"/>
    <property name="user.script" value=""/>
    <property name="sun.management.compiler" value="HotSpot 64-Bit Tiered Compilers"/>
    <property name="java.runtime.version" value="20.0.2+9-78"/>
    <property name="user.name" value="asus"/>
    <property name="stdout.encoding" value="Cp1252"/>
    <property name="path.separator" value=";"/>
    <property name="os.version" value="10.0"/>
    <property name="java.runtime.name" value="Java(TM) SE Runtime Environment"/>
    <property name="file.encoding" value="UTF-8"/>
    <property name="java.vm.name" value="Java HotSpot(TM) 64-Bit Server VM"/>
    <property name="localRepository" value="E:\Apache\Depot_local"/>
    <property name="java.vendor.url.bug" value="https://bugreport.java.com/bugreport/"/>
    <property name="java.io.tmpdir" value="C:\Users\asus\AppData\Local\Temp\"/>
    <property name="java.version" value="20.0.2"/>
    <property name="user.dir" value="C:\Users\asus\Desktop\SOA\Projet_ws"/>
    <property name="os.arch" value="amd64"/>
    <property name="java.vm.specification.name" value="Java Virtual Machine Specification"/>
    <property name="sun.os.patch.level" value=""/>
    <property name="native.encoding" value="Cp1252"/>
    <property name="java.library.path" value="C:\Program Files (x86)\java20\bin;C:\WINDOWS\Sun\Java\bin;C:\WINDOWS\system32;C:\WINDOWS;C:\Users\asus\AppData\Local\Temp\.tmp6nHwqD;C:\Program Files (x86)\java20\bin;e:\Cursor\cursor\resources\app\bin;C:\Program Files (x86)\Microsoft\Edge\Application;C:\ProgramData\Oracle\Java\javapath;C:\Program Files\Common Files\Oracle\Java\javapath;C:\Program Files\NVIDIA GPU Computing Toolkit\CUDA\v12.4\bin;C:\Program Files\NVIDIA GPU Computing Toolkit\CUDA\v12.4\libnvvp;C:\oraclexe\app\oracle\product\11.2.0\server\bin;C:\WINDOWS\system32;C:\WINDOWS;C:\WINDOWS\System32\Wbem;C:\WINDOWS\System32\WindowsPowerShell\v1.0\;C:\WINDOWS\System32\OpenSSH\;C:\Program Files (x86)\NVIDIA Corporation\PhysX\Common;C:\Program Files\dotnet\;C:\xampp\php;C:\composer;C:\Program Files\Microsoft SQL Server\150\Tools\Binn\;C:\Program Files\Microsoft SQL Server\Client SDK\ODBC\170\Tools\Binn\;C:\Program Files\Microsoft SQL Server\160\DTS\Binn\;C:\Program Files (x86)\Microsoft SQL Server\160\DTS\Binn\;C:\Program Files (x86)\Microsoft SQL Server\160\Tools\Binn\;C:\Program Files\Microsoft SQL Server\160\Tools\Binn\;C:\Program Files\Microsoft SQL Server\140\DTS\Binn\;C:\Program Files\Microsoft SQL Server\Clien;C:\Program Files\NVIDIA Corporation\NVIDIA App\NvDLISR;C:\Program Files\nodejs\;C:\Program Files\Microsoft SQL Server\Client SDK\ODBC\130\Tools\Binn\;E:\maven\mvn\bin;;C:\WINDOWS\system32;C:\WINDOWS;C:\WINDOWS\System32\Wbem;C:\WINDOWS\System32\WindowsPowerShell\v1.0\;C:\WINDOWS\System32\OpenSSH\;C:\Program Files\Cloudflare\Cloudflare WARP\;C:\Program Files\Docker\Docker\resources\bin;C:\Users\asus\Downloads\apache-maven-3.9.9-bin\apache-maven-3.9.9\bin;C:\Program Files (x86)\java20\bin;e:\Cursor\cursor\resources\app\bin;C:\Program Files (x86)\Microsoft\Edge\Application;C:\ProgramData\Oracle\Java\javapath;C:\Program Files\Common Files\Oracle\Java\javapath;C:\Program Files\NVIDIA GPU Computing Toolkit\CUDA\v12.4\bin;C:\Program Files\NVIDIA GPU Computing Toolkit\CUDA\v12.4\libnvvp;C:\oraclexe\app\oracle\product\11.2.0\server\bin;C:\WINDOWS\system32;C:\WINDOWS;C:\WINDOWS\System32\Wbem;C:\WINDOWS\System32\WindowsPowerShell\v1.0\;C:\WINDOWS\System32\OpenSSH\;C:\Program Files (x86)\NVIDIA Corporation\PhysX\Common;C:\Program Files\dotnet\;C:\xampp\php;C:\composer;C:\Program Files\Microsoft SQL Server\150\Tools\Binn\;C:\Program Files\Microsoft SQL Server\Client SDK\ODBC\170\Tools\Binn\;C:\Program Files\Microsoft SQL Server\160\DTS\Binn\;C:\Program Files (x86)\Microsoft SQL Server\160\DTS\Binn\;C:\Program Files (x86)\Microsoft SQL Server\160\Tools\Binn\;C:\Program Files\Microsoft SQL Server\160\Too;C:\Users\asus\AppData\Local\Microsoft\WindowsApps;C:\Users\asus\AppData\Local\Programs\Microsoft VS Code\bin;c:\Users\asus\.vscode\extensions\openai.chatgpt-0.4.21-win32-x64\bin\windows-x86_64;."/>
    <property name="java.vm.info" value="mixed mode, sharing"/>
    <property name="stderr.encoding" value="Cp1252"/>
    <property name="java.vendor" value="Oracle Corporation"/>
    <property name="java.vm.version" value="20.0.2+9-78"/>
    <property name="sun.io.unicode.encoding" value="UnicodeLittle"/>
    <property name="java.class.version" value="64.0"/>
  </properties>
  <testcase name="getAllPlatsReturnsDataFromRepository" classname="com.speed_liv.menu.services.MenuServiceTest" time="0"/>
  <testcase name="getPlatByIdReturnsMatchingPlat" classname="com.speed_liv.menu.services.MenuServiceTest" time="0"/>
</testsuite>